2025-11-01 22:41:45.690: [INFO][Sync] Reset engine, reason: 8
2025-11-01 22:41:45.690: [INFO][Sync] Stopped: Bookmarks
2025-11-01 22:41:45.690: [INFO][Sync] Stopped: Preferences
2025-11-01 22:41:45.690: [INFO][Sync] Stopped: Passwords
2025-11-01 22:41:45.690: [INFO][Sync] Stopped: Autofill Profiles
2025-11-01 22:41:45.690: [INFO][Sync] Stopped: Autofill
2025-11-01 22:41:45.690: [INFO][Sync] Stopped: Extensions
2025-11-01 22:41:45.690: [INFO][Sync] Stopped: Sessions
2025-11-01 22:41:45.690: [INFO][Sync] Stopped: Extension settings
2025-11-01 22:41:45.690: [INFO][Sync] Stopped: History Delete Directives
2025-11-01 22:41:45.690: [INFO][Sync] Stopped: Device Info
2025-11-01 22:41:45.690: [INFO][Sync] Stopped: User Consents
2025-11-01 22:41:45.690: [INFO][Sync] Stopped: Send Tab To Self
2025-11-01 22:41:45.690: [INFO][Sync] Stopped: Web Apps
2025-11-01 22:41:45.690: [INFO][Sync] Stopped: History
2025-11-01 22:41:45.690: [INFO][Sync] Stopped: Saved Tab Group
2025-11-01 22:41:45.690: [INFO][Sync] Stopped: WebAuthn Credentials
2025-11-01 22:41:45.690: [INFO][Sync] Stopped: Collection
2025-11-01 22:41:45.690: [INFO][Sync] Stopped: Edge E Drop
2025-11-01 22:41:45.690: [INFO][Sync] Stopped: Edge Hub App Usage
2025-11-01 22:41:45.690: [INFO][Sync] Stopped: Edge Wallet
2025-11-01 22:41:45.690: [INFO][Sync] SyncState after authenticated was: NotSignedIn
2025-11-01 22:41:46.142: [INFO][Sync] Reset engine, reason: 8
2025-11-01 22:41:46.142: [INFO][Sync] Stopped: Bookmarks
2025-11-01 22:41:46.142: [INFO][Sync] Stopped: Preferences
2025-11-01 22:41:46.142: [INFO][Sync] Stopped: Passwords
2025-11-01 22:41:46.142: [INFO][Sync] Stopped: Autofill Profiles
2025-11-01 22:41:46.142: [INFO][Sync] Stopped: Autofill
2025-11-01 22:41:46.142: [INFO][Sync] Stopped: Extensions
2025-11-01 22:41:46.142: [INFO][Sync] Stopped: Sessions
2025-11-01 22:41:46.142: [INFO][Sync] Stopped: Extension settings
2025-11-01 22:41:46.142: [INFO][Sync] Stopped: History Delete Directives
2025-11-01 22:41:46.142: [INFO][Sync] Stopped: Device Info
2025-11-01 22:41:46.142: [INFO][Sync] Stopped: User Consents
2025-11-01 22:41:46.142: [INFO][Sync] Stopped: Send Tab To Self
2025-11-01 22:41:46.142: [INFO][Sync] Stopped: Web Apps
2025-11-01 22:41:46.142: [INFO][Sync] Stopped: History
2025-11-01 22:41:46.142: [INFO][Sync] Stopped: Saved Tab Group
2025-11-01 22:41:46.142: [INFO][Sync] Stopped: WebAuthn Credentials
2025-11-01 22:41:46.142: [INFO][Sync] Stopped: Collection
2025-11-01 22:41:46.142: [INFO][Sync] Stopped: Edge E Drop
2025-11-01 22:41:46.142: [INFO][Sync] Stopped: Edge Hub App Usage
2025-11-01 22:41:46.142: [INFO][Sync] Stopped: Edge Wallet
2025-11-01 22:53:14.097: [INFO][Sync] Reset engine, reason: 0
2025-11-02 08:32:42.800: [INFO][Sync] Reset engine, reason: 8
2025-11-02 08:32:42.800: [INFO][Sync] Stopped: Bookmarks
2025-11-02 08:32:42.800: [INFO][Sync] Stopped: Preferences
2025-11-02 08:32:42.800: [INFO][Sync] Stopped: Passwords
2025-11-02 08:32:42.800: [INFO][Sync] Stopped: Autofill Profiles
2025-11-02 08:32:42.800: [INFO][Sync] Stopped: Autofill
2025-11-02 08:32:42.800: [INFO][Sync] Stopped: Extensions
2025-11-02 08:32:42.800: [INFO][Sync] Stopped: Sessions
2025-11-02 08:32:42.800: [INFO][Sync] Stopped: Extension settings
2025-11-02 08:32:42.800: [INFO][Sync] Stopped: History Delete Directives
2025-11-02 08:32:42.800: [INFO][Sync] Stopped: Device Info
2025-11-02 08:32:42.800: [INFO][Sync] Stopped: User Consents
2025-11-02 08:32:42.800: [INFO][Sync] Stopped: Send Tab To Self
2025-11-02 08:32:42.800: [INFO][Sync] Stopped: Web Apps
2025-11-02 08:32:42.800: [INFO][Sync] Stopped: History
2025-11-02 08:32:42.800: [INFO][Sync] Stopped: Saved Tab Group
2025-11-02 08:32:42.800: [INFO][Sync] Stopped: WebAuthn Credentials
2025-11-02 08:32:42.800: [INFO][Sync] Stopped: Collection
2025-11-02 08:32:42.800: [INFO][Sync] Stopped: Edge E Drop
2025-11-02 08:32:42.800: [INFO][Sync] Stopped: Edge Hub App Usage
2025-11-02 08:32:42.800: [INFO][Sync] Stopped: Edge Wallet
2025-11-02 08:32:42.800: [INFO][Sync] SyncState after authenticated was: NotSignedIn
2025-11-02 08:32:43.165: [INFO][Sync] Reset engine, reason: 8
2025-11-02 08:32:43.165: [INFO][Sync] Stopped: Bookmarks
2025-11-02 08:32:43.165: [INFO][Sync] Stopped: Preferences
2025-11-02 08:32:43.165: [INFO][Sync] Stopped: Passwords
2025-11-02 08:32:43.165: [INFO][Sync] Stopped: Autofill Profiles
2025-11-02 08:32:43.165: [INFO][Sync] Stopped: Autofill
2025-11-02 08:32:43.165: [INFO][Sync] Stopped: Extensions
2025-11-02 08:32:43.165: [INFO][Sync] Stopped: Sessions
2025-11-02 08:32:43.165: [INFO][Sync] Stopped: Extension settings
2025-11-02 08:32:43.165: [INFO][Sync] Stopped: History Delete Directives
2025-11-02 08:32:43.165: [INFO][Sync] Stopped: Device Info
2025-11-02 08:32:43.165: [INFO][Sync] Stopped: User Consents
2025-11-02 08:32:43.165: [INFO][Sync] Stopped: Send Tab To Self
2025-11-02 08:32:43.165: [INFO][Sync] Stopped: Web Apps
2025-11-02 08:32:43.165: [INFO][Sync] Stopped: History
2025-11-02 08:32:43.165: [INFO][Sync] Stopped: Saved Tab Group
2025-11-02 08:32:43.165: [INFO][Sync] Stopped: WebAuthn Credentials
2025-11-02 08:32:43.165: [INFO][Sync] Stopped: Collection
2025-11-02 08:32:43.165: [INFO][Sync] Stopped: Edge E Drop
2025-11-02 08:32:43.165: [INFO][Sync] Stopped: Edge Hub App Usage
2025-11-02 08:32:43.165: [INFO][Sync] Stopped: Edge Wallet
2025-11-02 08:39:12.281: [INFO][Sync] Reset engine, reason: 0
2025-11-04 10:25:31.504: [INFO][Sync] Reset engine, reason: 8
2025-11-04 10:25:31.504: [INFO][Sync] Stopped: Bookmarks
2025-11-04 10:25:31.504: [INFO][Sync] Stopped: Preferences
2025-11-04 10:25:31.504: [INFO][Sync] Stopped: Passwords
2025-11-04 10:25:31.504: [INFO][Sync] Stopped: Autofill Profiles
2025-11-04 10:25:31.504: [INFO][Sync] Stopped: Autofill
2025-11-04 10:25:31.504: [INFO][Sync] Stopped: Extensions
2025-11-04 10:25:31.504: [INFO][Sync] Stopped: Sessions
2025-11-04 10:25:31.504: [INFO][Sync] Stopped: Extension settings
2025-11-04 10:25:31.504: [INFO][Sync] Stopped: History Delete Directives
2025-11-04 10:25:31.504: [INFO][Sync] Stopped: Device Info
2025-11-04 10:25:31.504: [INFO][Sync] Stopped: User Consents
2025-11-04 10:25:31.504: [INFO][Sync] Stopped: Send Tab To Self
2025-11-04 10:25:31.504: [INFO][Sync] Stopped: Web Apps
2025-11-04 10:25:31.504: [INFO][Sync] Stopped: History
2025-11-04 10:25:31.504: [INFO][Sync] Stopped: Saved Tab Group
2025-11-04 10:25:31.504: [INFO][Sync] Stopped: WebAuthn Credentials
2025-11-04 10:25:31.504: [INFO][Sync] Stopped: Collection
2025-11-04 10:25:31.504: [INFO][Sync] Stopped: Edge E Drop
2025-11-04 10:25:31.504: [INFO][Sync] Stopped: Edge Hub App Usage
2025-11-04 10:25:31.504: [INFO][Sync] Stopped: Edge Wallet
2025-11-04 10:25:31.504: [INFO][Sync] SyncState after authenticated was: NotSignedIn
2025-11-04 10:25:31.670: [INFO][Sync] Reset engine, reason: 8
2025-11-04 10:25:31.670: [INFO][Sync] Stopped: Bookmarks
2025-11-04 10:25:31.670: [INFO][Sync] Stopped: Preferences
2025-11-04 10:25:31.670: [INFO][Sync] Stopped: Passwords
2025-11-04 10:25:31.670: [INFO][Sync] Stopped: Autofill Profiles
2025-11-04 10:25:31.670: [INFO][Sync] Stopped: Autofill
2025-11-04 10:25:31.670: [INFO][Sync] Stopped: Extensions
2025-11-04 10:25:31.670: [INFO][Sync] Stopped: Sessions
2025-11-04 10:25:31.670: [INFO][Sync] Stopped: Extension settings
2025-11-04 10:25:31.670: [INFO][Sync] Stopped: History Delete Directives
2025-11-04 10:25:31.670: [INFO][Sync] Stopped: Device Info
2025-11-04 10:25:31.670: [INFO][Sync] Stopped: User Consents
2025-11-04 10:25:31.670: [INFO][Sync] Stopped: Send Tab To Self
2025-11-04 10:25:31.670: [INFO][Sync] Stopped: Web Apps
2025-11-04 10:25:31.670: [INFO][Sync] Stopped: History
2025-11-04 10:25:31.670: [INFO][Sync] Stopped: Saved Tab Group
2025-11-04 10:25:31.670: [INFO][Sync] Stopped: WebAuthn Credentials
2025-11-04 10:25:31.670: [INFO][Sync] Stopped: Collection
2025-11-04 10:25:31.670: [INFO][Sync] Stopped: Edge E Drop
2025-11-04 10:25:31.670: [INFO][Sync] Stopped: Edge Hub App Usage
2025-11-04 10:25:31.670: [INFO][Sync] Stopped: Edge Wallet
2025-11-04 10:28:52.172: [INFO][Sync] Reset engine, reason: 0
2025-11-06 19:13:56.365: [INFO][Sync] Reset engine, reason: 8
2025-11-06 19:13:56.365: [INFO][Sync] Stopped: Bookmarks
2025-11-06 19:13:56.365: [INFO][Sync] Stopped: Preferences
2025-11-06 19:13:56.365: [INFO][Sync] Stopped: Passwords
2025-11-06 19:13:56.365: [INFO][Sync] Stopped: Autofill Profiles
2025-11-06 19:13:56.365: [INFO][Sync] Stopped: Autofill
2025-11-06 19:13:56.365: [INFO][Sync] Stopped: Extensions
2025-11-06 19:13:56.365: [INFO][Sync] Stopped: Sessions
2025-11-06 19:13:56.365: [INFO][Sync] Stopped: Extension settings
2025-11-06 19:13:56.365: [INFO][Sync] Stopped: History Delete Directives
2025-11-06 19:13:56.365: [INFO][Sync] Stopped: Device Info
2025-11-06 19:13:56.365: [INFO][Sync] Stopped: User Consents
2025-11-06 19:13:56.365: [INFO][Sync] Stopped: Send Tab To Self
2025-11-06 19:13:56.365: [INFO][Sync] Stopped: Web Apps
2025-11-06 19:13:56.365: [INFO][Sync] Stopped: History
2025-11-06 19:13:56.365: [INFO][Sync] Stopped: Saved Tab Group
2025-11-06 19:13:56.365: [INFO][Sync] Stopped: WebAuthn Credentials
2025-11-06 19:13:56.365: [INFO][Sync] Stopped: Collection
2025-11-06 19:13:56.365: [INFO][Sync] Stopped: Edge E Drop
2025-11-06 19:13:56.365: [INFO][Sync] Stopped: Edge Hub App Usage
2025-11-06 19:13:56.365: [INFO][Sync] Stopped: Edge Wallet
2025-11-06 19:13:56.365: [INFO][Sync] SyncState after authenticated was: NotSignedIn
2025-11-06 19:13:56.673: [INFO][Sync] Reset engine, reason: 8
2025-11-06 19:13:56.673: [INFO][Sync] Stopped: Bookmarks
2025-11-06 19:13:56.673: [INFO][Sync] Stopped: Preferences
2025-11-06 19:13:56.673: [INFO][Sync] Stopped: Passwords
2025-11-06 19:13:56.673: [INFO][Sync] Stopped: Autofill Profiles
2025-11-06 19:13:56.674: [INFO][Sync] Stopped: Autofill
2025-11-06 19:13:56.674: [INFO][Sync] Stopped: Extensions
2025-11-06 19:13:56.674: [INFO][Sync] Stopped: Sessions
2025-11-06 19:13:56.674: [INFO][Sync] Stopped: Extension settings
2025-11-06 19:13:56.674: [INFO][Sync] Stopped: History Delete Directives
2025-11-06 19:13:56.674: [INFO][Sync] Stopped: Device Info
2025-11-06 19:13:56.674: [INFO][Sync] Stopped: User Consents
2025-11-06 19:13:56.674: [INFO][Sync] Stopped: Send Tab To Self
2025-11-06 19:13:56.674: [INFO][Sync] Stopped: Web Apps
2025-11-06 19:13:56.674: [INFO][Sync] Stopped: History
2025-11-06 19:13:56.674: [INFO][Sync] Stopped: Saved Tab Group
2025-11-06 19:13:56.674: [INFO][Sync] Stopped: WebAuthn Credentials
2025-11-06 19:13:56.674: [INFO][Sync] Stopped: Collection
2025-11-06 19:13:56.674: [INFO][Sync] Stopped: Edge E Drop
2025-11-06 19:13:56.674: [INFO][Sync] Stopped: Edge Hub App Usage
2025-11-06 19:13:56.674: [INFO][Sync] Stopped: Edge Wallet
2025-11-06 19:14:44.914: [INFO][Sync] Reset engine, reason: 0
2025-11-06 19:14:50.442: [INFO][Sync] Reset engine, reason: 8
2025-11-06 19:14:50.442: [INFO][Sync] Stopped: Bookmarks
2025-11-06 19:14:50.442: [INFO][Sync] Stopped: Preferences
2025-11-06 19:14:50.442: [INFO][Sync] Stopped: Passwords
2025-11-06 19:14:50.442: [INFO][Sync] Stopped: Autofill Profiles
2025-11-06 19:14:50.442: [INFO][Sync] Stopped: Autofill
2025-11-06 19:14:50.442: [INFO][Sync] Stopped: Extensions
2025-11-06 19:14:50.442: [INFO][Sync] Stopped: Sessions
2025-11-06 19:14:50.442: [INFO][Sync] Stopped: Extension settings
2025-11-06 19:14:50.442: [INFO][Sync] Stopped: History Delete Directives
2025-11-06 19:14:50.442: [INFO][Sync] Stopped: Device Info
2025-11-06 19:14:50.442: [INFO][Sync] Stopped: User Consents
2025-11-06 19:14:50.442: [INFO][Sync] Stopped: Send Tab To Self
2025-11-06 19:14:50.442: [INFO][Sync] Stopped: Web Apps
2025-11-06 19:14:50.442: [INFO][Sync] Stopped: History
2025-11-06 19:14:50.442: [INFO][Sync] Stopped: Saved Tab Group
2025-11-06 19:14:50.442: [INFO][Sync] Stopped: WebAuthn Credentials
2025-11-06 19:14:50.442: [INFO][Sync] Stopped: Collection
2025-11-06 19:14:50.442: [INFO][Sync] Stopped: Edge E Drop
2025-11-06 19:14:50.442: [INFO][Sync] Stopped: Edge Hub App Usage
2025-11-06 19:14:50.442: [INFO][Sync] Stopped: Edge Wallet
2025-11-06 19:14:50.442: [INFO][Sync] SyncState after authenticated was: NotSignedIn
2025-11-06 19:14:50.721: [INFO][Sync] Reset engine, reason: 8
2025-11-06 19:14:50.721: [INFO][Sync] Stopped: Bookmarks
2025-11-06 19:14:50.721: [INFO][Sync] Stopped: Preferences
2025-11-06 19:14:50.721: [INFO][Sync] Stopped: Passwords
2025-11-06 19:14:50.721: [INFO][Sync] Stopped: Autofill Profiles
2025-11-06 19:14:50.721: [INFO][Sync] Stopped: Autofill
2025-11-06 19:14:50.721: [INFO][Sync] Stopped: Extensions
2025-11-06 19:14:50.721: [INFO][Sync] Stopped: Sessions
2025-11-06 19:14:50.721: [INFO][Sync] Stopped: Extension settings
2025-11-06 19:14:50.721: [INFO][Sync] Stopped: History Delete Directives
2025-11-06 19:14:50.721: [INFO][Sync] Stopped: Device Info
2025-11-06 19:14:50.721: [INFO][Sync] Stopped: User Consents
2025-11-06 19:14:50.721: [INFO][Sync] Stopped: Send Tab To Self
2025-11-06 19:14:50.721: [INFO][Sync] Stopped: Web Apps
2025-11-06 19:14:50.721: [INFO][Sync] Stopped: History
2025-11-06 19:14:50.721: [INFO][Sync] Stopped: Saved Tab Group
2025-11-06 19:14:50.721: [INFO][Sync] Stopped: WebAuthn Credentials
2025-11-06 19:14:50.721: [INFO][Sync] Stopped: Collection
2025-11-06 19:14:50.721: [INFO][Sync] Stopped: Edge E Drop
2025-11-06 19:14:50.721: [INFO][Sync] Stopped: Edge Hub App Usage
2025-11-06 19:14:50.721: [INFO][Sync] Stopped: Edge Wallet
2025-11-06 19:16:55.557: [INFO][Sync] Reset engine, reason: 0
2025-11-06 22:55:41.150: [INFO][Sync] Reset engine, reason: 8
2025-11-06 22:55:41.150: [INFO][Sync] Stopped: Bookmarks
2025-11-06 22:55:41.150: [INFO][Sync] Stopped: Preferences
2025-11-06 22:55:41.150: [INFO][Sync] Stopped: Passwords
2025-11-06 22:55:41.150: [INFO][Sync] Stopped: Autofill Profiles
2025-11-06 22:55:41.150: [INFO][Sync] Stopped: Autofill
2025-11-06 22:55:41.150: [INFO][Sync] Stopped: Extensions
2025-11-06 22:55:41.150: [INFO][Sync] Stopped: Sessions
2025-11-06 22:55:41.150: [INFO][Sync] Stopped: Extension settings
2025-11-06 22:55:41.150: [INFO][Sync] Stopped: History Delete Directives
2025-11-06 22:55:41.150: [INFO][Sync] Stopped: Device Info
2025-11-06 22:55:41.150: [INFO][Sync] Stopped: User Consents
2025-11-06 22:55:41.150: [INFO][Sync] Stopped: Send Tab To Self
2025-11-06 22:55:41.150: [INFO][Sync] Stopped: Web Apps
2025-11-06 22:55:41.150: [INFO][Sync] Stopped: History
2025-11-06 22:55:41.150: [INFO][Sync] Stopped: Saved Tab Group
2025-11-06 22:55:41.150: [INFO][Sync] Stopped: WebAuthn Credentials
2025-11-06 22:55:41.150: [INFO][Sync] Stopped: Collection
2025-11-06 22:55:41.150: [INFO][Sync] Stopped: Edge E Drop
2025-11-06 22:55:41.150: [INFO][Sync] Stopped: Edge Hub App Usage
2025-11-06 22:55:41.150: [INFO][Sync] Stopped: Edge Wallet
2025-11-06 22:55:41.150: [INFO][Sync] SyncState after authenticated was: NotSignedIn
2025-11-06 22:55:41.330: [INFO][Sync] Reset engine, reason: 8
2025-11-06 22:55:41.330: [INFO][Sync] Stopped: Bookmarks
2025-11-06 22:55:41.330: [INFO][Sync] Stopped: Preferences
2025-11-06 22:55:41.330: [INFO][Sync] Stopped: Passwords
2025-11-06 22:55:41.330: [INFO][Sync] Stopped: Autofill Profiles
2025-11-06 22:55:41.330: [INFO][Sync] Stopped: Autofill
2025-11-06 22:55:41.330: [INFO][Sync] Stopped: Extensions
2025-11-06 22:55:41.330: [INFO][Sync] Stopped: Sessions
2025-11-06 22:55:41.330: [INFO][Sync] Stopped: Extension settings
2025-11-06 22:55:41.330: [INFO][Sync] Stopped: History Delete Directives
2025-11-06 22:55:41.330: [INFO][Sync] Stopped: Device Info
2025-11-06 22:55:41.330: [INFO][Sync] Stopped: User Consents
2025-11-06 22:55:41.330: [INFO][Sync] Stopped: Send Tab To Self
2025-11-06 22:55:41.330: [INFO][Sync] Stopped: Web Apps
2025-11-06 22:55:41.330: [INFO][Sync] Stopped: History
2025-11-06 22:55:41.330: [INFO][Sync] Stopped: Saved Tab Group
2025-11-06 22:55:41.330: [INFO][Sync] Stopped: WebAuthn Credentials
2025-11-06 22:55:41.330: [INFO][Sync] Stopped: Collection
2025-11-06 22:55:41.330: [INFO][Sync] Stopped: Edge E Drop
2025-11-06 22:55:41.330: [INFO][Sync] Stopped: Edge Hub App Usage
2025-11-06 22:55:41.330: [INFO][Sync] Stopped: Edge Wallet
2025-11-06 22:55:53.424: [INFO][Sync] Reset engine, reason: 0
